<?xml version="1.0" encoding="UTF-8"?>
<!-- Generated by org.testng.reporters.JUnitXMLReporter -->
<testsuite hostname="ITEM-S45078.local" ignored="0" name="Command line test" tests="15" failures="0" timestamp="01 abr 2020 13:14:30 GMT" time="63.07" errors="0">
  <testcase name="differentPasswordAndConfirmPassword" time="2.39" classname="registration.RegistrationTest"/>
  <testcase name="invalidBirthDay" time="1.932" classname="registration.RegistrationTest"/>
  <testcase name="invalidJustOneNumberPassword" time="2.122" classname="registration.RegistrationTest"/>
  <testcase name="invalidLessEightCharactersPassword" time="1.97" classname="registration.RegistrationTest"/>
  <testcase name="invalidOneCapitalLetterPassword" time="1.97" classname="registration.RegistrationTest"/>
  <testcase name="invalidPhone" time="2.005" classname="registration.RegistrationTest"/>
  <testcase name="invalidPostalCode" time="2.036" classname="registration.RegistrationTest"/>
  <testcase name="testGeneralInformationRegistration" time="4.412" classname="registration.RegistrationTest"/>
  <testcase name="testGoToNavarraProperties" time="6.029" classname="propertiesTest.PropertiesTest"/>
  <testcase name="testLikesValidation" time="6.658" classname="propertiesDetailTest.PropertiesDetailTest"/>
  <testcase name="testLoginPage" time="3.885" classname="loginTest.LoginTest"/>
  <testcase name="testFilterAndSelectProperty" time="1.716" classname="propertiesTest.PropertiesTest"/>
  <testcase name="testCardPeopleInterestedPropertiesPage" time="2.512" classname="propertiesDetailTest.PropertiesDetailTest"/>
  <testcase name="invalidPassword" time="0.998" classname="loginTest.LoginTest"/>
  <testcase name="invalidUserName" time="0.969" classname="loginTest.LoginTest"/>
</testsuite> <!-- Command line test -->
